<?xml version="1.0" encoding="UTF-8"?>
<!-- Generated by org.testng.reporters.JUnitXMLReporter -->
<testsuite hostname="SHIV" ignored="2" name="Default test" tests="4" failures="0" timestamp="20 Apr 2017 15:28:52 GMT" time="62.739" errors="0">
  <testcase name="tc3" time="4.021" classname="TeaApplicationTestPackage.TestCase1"/>
  <testcase name="tc4" time="3.75" classname="TeaApplicationTestPackage.TestCase1"/>
  <testcase name="tc5" time="4.278" classname="TeaApplicationTestPackage.TestCase1"/>
  <testcase name="tc6" time="0.624" classname="TeaApplicationTestPackage.TestCase1"/>
  <testcase name="tc2" time="0.0" classname="TeaApplicationTestPackage.TestCase1">
    <ignored/>
  </testcase> <!-- tc2 -->
  <testcase name="tc1" time="0.0" classname="TeaApplicationTestPackage.TestCase1">
    <ignored/>
  </testcase> <!-- tc1 -->
</testsuite> <!-- Default test -->
